# JRE version: Java(TM) SE Runtime Environment (8.0_20-b26) (build 1.8.0_20-b26)
# Java VM: Java HotSpot(TM) 64-Bit Server VM (25.20-b23 mixed mode linux-amd64 compressed oops)
Heap:
 PSYoungGen      total 24064K, used 7608K [0x00000000d7200000, 0x00000000d8a80000, 0x0000000100000000)
  eden space 23552K, 32% used [0x00000000d7200000,0x00000000d795e078,0x00000000d8900000)
  from space 512K, 12% used [0x00000000d8980000,0x00000000d8990000,0x00000000d8a00000)
  to   space 512K, 0% used [0x00000000d8a00000,0x00000000d8a00000,0x00000000d8a80000)
 ParOldGen       total 84992K, used 8567K [0x0000000085600000, 0x000000008a900000, 0x00000000d7200000)
  object space 84992K, 10% used [0x0000000085600000,0x0000000085e5df18,0x000000008a900000)
 Metaspace       used 14384K, capacity 14522K, committed 14848K, reserved 1062912K
  class space    used 1470K, capacity 1504K, committed 1536K, reserved 1048576K
GC Heap History (10 events):
Event: 9286,535 GC heap before
{Heap before GC invocations=55 (full 0):
 PSYoungGen      total 24576K, used 23696K [0x00000000d7200000, 0x00000000d8b00000, 0x0000000100000000)
  eden space 23552K, 100% used [0x00000000d7200000,0x00000000d8900000,0x00000000d8900000)
  from space 1024K, 14% used [0x00000000d8a00000,0x00000000d8a24010,0x00000000d8b00000)
  to   space 1024K, 0% used [0x00000000d8900000,0x00000000d8900000,0x00000000d8a00000)
 ParOldGen       total 84992K, used 8331K [0x0000000085600000, 0x000000008a900000, 0x00000000d7200000)
  object space 84992K, 9% used [0x0000000085600000,0x0000000085e22e68,0x000000008a900000)
 Metaspace       used 14325K, capacity 14522K, committed 14848K, reserved 1062912K
  class space    used 1457K, capacity 1504K, committed 1536K, reserved 1048576K
Event: 9286,536 GC heap after
Heap after GC invocations=55 (full 0):
 PSYoungGen      total 24576K, used 64K [0x00000000d7200000, 0x00000000d8a80000, 0x0000000100000000)
  eden space 23552K, 0% used [0x00000000d7200000,0x00000000d7200000,0x00000000d8900000)
  from space 1024K, 6% used [0x00000000d8900000,0x00000000d8910000,0x00000000d8a00000)
  to   space 512K, 0% used [0x00000000d8a00000,0x00000000d8a00000,0x00000000d8a80000)
 ParOldGen       total 84992K, used 8415K [0x0000000085600000, 0x000000008a900000, 0x00000000d7200000)
  object space 84992K, 9% used [0x0000000085600000,0x0000000085e37eb8,0x000000008a900000)
 Metaspace       used 14325K, capacity 14522K, committed 14848K, reserved 1062912K
  class space    used 1457K, capacity 1504K, committed 1536K, reserved 1048576K
}
Event: 9331,974 GC heap before
{Heap before GC invocations=56 (full 0):
 PSYoungGen      total 24576K, used 23616K [0x00000000d7200000, 0x00000000d8a80000, 0x0000000100000000)
  eden space 23552K, 100% used [0x00000000d7200000,0x00000000d8900000,0x00000000d8900000)
  from space 1024K, 6% used [0x00000000d8900000,0x00000000d8910000,0x00000000d8a00000)
  to   space 512K, 0% used [0x00000000d8a00000,0x00000000d8a00000,0x00000000d8a80000)
 ParOldGen       total 84992K, used 8415K [0x0000000085600000, 0x000000008a900000, 0x00000000d7200000)
  object space 84992K, 9% used [0x0000000085600000,0x0000000085e37eb8,0x000000008a900000)
 Metaspace       used 14326K, capacity 14522K, committed 14848K, reserved 1062912K
  class space    used 1457K, capacity 1504K, committed 1536K, reserved 1048576K
Event: 9331,975 GC heap after
Heap after GC invocations=56 (full 0):
 PSYoungGen      total 24064K, used 64K [0x00000000d7200000, 0x00000000d8a80000, 0x0000000100000000)
  eden space 23552K, 0% used [0x00000000d7200000,0x00000000d7200000,0x00000000d8900000)
  from space 512K, 12% used [0x00000000d8a00000,0x00000000d8a10000,0x00000000d8a80000)
  to   space 512K, 0% used [0x00000000d8980000,0x00000000d8980000,0x00000000d8a00000)
 ParOldGen       total 84992K, used 8459K [0x0000000085600000, 0x000000008a900000, 0x00000000d7200000)
  object space 84992K, 9% used [0x0000000085600000,0x0000000085e42ec8,0x000000008a900000)
 Metaspace       used 14326K, capacity 14522K, committed 14848K, reserved 1062912K
  class space    used 1457K, capacity 1504K, committed 1536K, reserved 1048576K
}
Event: 9377,511 GC heap before
{Heap before GC invocations=57 (full 0):
 PSYoungGen      total 24064K, used 23616K [0x00000000d7200000, 0x00000000d8a80000, 0x0000000100000000)
  eden space 23552K, 100% used [0x00000000d7200000,0x00000000d8900000,0x00000000d8900000)
  from space 512K, 12% used [0x00000000d8a00000,0x00000000d8a10000,0x00000000d8a80000)
  to   space 512K, 0% used [0x00000000d8980000,0x00000000d8980000,0x00000000d8a00000)
 ParOldGen       total 84992K, used 8459K [0x0000000085600000, 0x000000008a900000, 0x00000000d7200000)
  object space 84992K, 9% used [0x0000000085600000,0x0000000085e42ec8,0x000000008a900000)
 Metaspace       used 14326K, capacity 14522K, committed 14848K, reserved 1062912K
  class space    used 1457K, capacity 1504K, committed 1536K, reserved 1048576K
Event: 9377,513 GC heap after
Heap after GC invocations=57 (full 0):
 PSYoungGen      total 24064K, used 64K [0x00000000d7200000, 0x00000000d8a80000, 0x0000000100000000)
  eden space 23552K, 0% used [0x00000000d7200000,0x00000000d7200000,0x00000000d8900000)
  from space 512K, 12% used [0x00000000d8980000,0x00000000d8990000,0x00000000d8a00000)
  to   space 512K, 0% used [0x00000000d8a00000,0x00000000d8a00000,0x00000000d8a80000)
 ParOldGen       total 84992K, used 8507K [0x0000000085600000, 0x000000008a900000, 0x00000000d7200000)
  object space 84992K, 10% used [0x0000000085600000,0x0000000085e4eee8,0x000000008a900000)
 Metaspace       used 14326K, capacity 14522K, committed 14848K, reserved 1062912K
  class space    used 1457K, capacity 1504K, committed 1536K, reserved 1048576K
}
Event: 9437,869 GC heap before
{Heap before GC invocations=58 (full 0):
 PSYoungGen      total 24064K, used 23616K [0x00000000d7200000, 0x00000000d8a80000, 0x0000000100000000)
  eden space 23552K, 100% used [0x00000000d7200000,0x00000000d8900000,0x00000000d8900000)
  from space 512K, 12% used [0x00000000d8980000,0x00000000d8990000,0x00000000d8a00000)
  to   space 512K, 0% used [0x00000000d8a00000,0x00000000d8a00000,0x00000000d8a80000)
 ParOldGen       total 84992K, used 8507K [0x0000000085600000, 0x000000008a900000, 0x00000000d7200000)
  object space 84992K, 10% used [0x0000000085600000,0x0000000085e4eee8,0x000000008a900000)
 Metaspace       used 14327K, capacity 14522K, committed 14848K, reserved 1062912K
  class space    used 1457K, capacity 1504K, committed 1536K, reserved 1048576K
Event: 9437,871 GC heap after
Heap after GC invocations=58 (full 0):
 PSYoungGen      total 24064K, used 64K [0x00000000d7200000, 0x00000000d8a80000, 0x0000000100000000)
  eden space 23552K, 0% used [0x00000000d7200000,0x00000000d7200000,0x00000000d8900000)
  from space 512K, 12% used [0x00000000d8a00000,0x00000000d8a10000,0x00000000d8a80000)
  to   space 512K, 0% used [0x00000000d8980000,0x00000000d8980000,0x00000000d8a00000)
 ParOldGen       total 84992K, used 8535K [0x0000000085600000, 0x000000008a900000, 0x00000000d7200000)
  object space 84992K, 10% used [0x0000000085600000,0x0000000085e55f18,0x000000008a900000)
 Metaspace       used 14327K, capacity 14522K, committed 14848K, reserved 1062912K
  class space    used 1457K, capacity 1504K, committed 1536K, reserved 1048576K
}
Event: 9486,669 GC heap before
{Heap before GC invocations=59 (full 0):
 PSYoungGen      total 24064K, used 23616K [0x00000000d7200000, 0x00000000d8a80000, 0x0000000100000000)
  eden space 23552K, 100% used [0x00000000d7200000,0x00000000d8900000,0x00000000d8900000)
  from space 512K, 12% used [0x00000000d8a00000,0x00000000d8a10000,0x00000000d8a80000)
  to   space 512K, 0% used [0x00000000d8980000,0x00000000d8980000,0x00000000d8a00000)
 ParOldGen       total 84992K, used 8535K [0x0000000085600000, 0x000000008a900000, 0x00000000d7200000)
  object space 84992K, 10% used [0x0000000085600000,0x0000000085e55f18,0x000000008a900000)
 Metaspace       used 14327K, capacity 14522K, committed 14848K, reserved 1062912K
  class space    used 1457K, capacity 1504K, committed 1536K, reserved 1048576K
Event: 9486,673 GC heap after
Heap after GC invocations=59 (full 0):
 PSYoungGen      total 24064K, used 64K [0x00000000d7200000, 0x00000000d8a80000, 0x0000000100000000)
  eden space 23552K, 0% used [0x00000000d7200000,0x00000000d7200000,0x00000000d8900000)
  from space 512K, 12% used [0x00000000d8980000,0x00000000d8990000,0x00000000d8a00000)
  to   space 512K, 0% used [0x00000000d8a00000,0x00000000d8a00000,0x00000000d8a80000)
 ParOldGen       total 84992K, used 8567K [0x0000000085600000, 0x000000008a900000, 0x00000000d7200000)
  object space 84992K, 10% used [0x0000000085600000,0x0000000085e5df18,0x000000008a900000)
 Metaspace       used 14327K, capacity 14522K, committed 14848K, reserved 1062912K
  class space    used 1457K, capacity 1504K, committed 1536K, reserved 1048576K
}

